#
# A fatal error has been detected by the Java Runtime Environment:
#
#  Internal Error (javaClasses.cpp:136), pid=3216, tid=3058903872
#  fatal error: Invalid layout of preloaded class
#
# JRE version:  (7.0_51-b31) (build )
# Java VM: OpenJDK Server VM (24.51-b03 mixed mode linux-x86 )
# Failed to write core dump. Core dumps have been disabled. To enable core dumping, try "ulimit -c unlimited" before starting Java again
#
# If you would like to submit a bug report, please include
# instructions on how to reproduce the bug and visit:
#   http://icedtea.classpath.org/bugzilla
#

---------------  T H R E A D  ---------------

Current thread (0xb6307800):  JavaThread "Unknown thread" [_thread_in_vm, id=3222, stack(0xb64e2000,0xb6533000)]

Stack: [0xb64e2000,0xb6533000]

---------------  P R O C E S S  ---------------

Java Threads: ( => current thread )

Other Threads:

=>0xb6307800 (exited) JavaThread "Unknown thread" [_thread_in_vm, id=3222, stack(0xb64e2000,0xb6533000)]

VM state:not at safepoint (not fully initialized)

VM Mutex/Monitor currently owned by a thread: None

GC Heap History (0 events):
No events

Deoptimization events (0 events):
No events

Internal exceptions (0 events):
No events

Events (10 events):
Event: 0.191 loading class 0x7b924670 done
Event: 0.191 loading class 0x7b924100 done
Event: 0.191 loading class 0x7b9240e0
Event: 0.191 loading class 0x7b92b370
Event: 0.191 loading class 0x7b92b370 done
Event: 0.191 loading class 0x7b92b3a0
Event: 0.191 loading class 0x7b92b3a0 done
Event: 0.191 loading class 0x7b92b3d0
Event: 0.191 loading class 0x7b92b3d0 done
Event: 0.192 loading class 0x7b9240e0 done


Dynamic libraries:
08048000-08049000 r-xp 00000000 08:06 2098268    /usr/lib/jvm/java-7-openjdk-i386/jre/bin/java
08049000-0804a000 r--p 00000000 08:06 2098268    /usr/lib/jvm/java-7-openjdk-i386/jre/bin/java
0804a000-0804b000 rw-p 00001000 08:06 2098268    /usr/lib/jvm/java-7-openjdk-i386/jre/bin/java
09cab000-09ccc000 rw-p 00000000 00:00 0          [heap]
797ee000-79815000 rw-p 00000000 00:00 0 
79815000-798ec000 r--s 013fe000 08:06 1938308    /home/suraj/Downloads/adt-bundle-linux-x86-20130522/sdk/platforms/android-19/android.jar
798ec000-7b800000 rw-p 00000000 00:00 0 
7b800000-7b821000 rw-p 00000000 00:00 0 
7b821000-7b900000 ---p 00000000 00:00 0 
7b924000-7b97f000 rw-p 00000000 00:00 0 
7b97f000-7b980000 ---p 00000000 00:00 0 
7b980000-7ba00000 rw-p 00000000 00:00 0          [stack:3224]
7ba00000-7ba21000 rw-p 00000000 00:00 0 
7ba21000-7bb00000 ---p 00000000 00:00 0 
7bb08000-7bb09000 ---p 00000000 00:00 0 
7bb09000-7bb99000 rw-p 00000000 00:00 0          [stack:3223]
7bb99000-7bc85000 rw-p 00000000 00:00 0 
7bc85000-7bc8d000 rw-p 00000000 00:00 0 
7bc8d000-7bcc5000 rw-p 00000000 00:00 0 
7bcc5000-7bcd5000 rw-p 00000000 00:00 0 
7bcd5000-7bdc1000 rw-p 00000000 00:00 0 
7bdc1000-7bdc9000 rw-p 00000000 00:00 0 
7bdc9000-7be3f000 rw-p 00000000 00:00 0 
7be3f000-7ce40000 rw-p 00000000 00:00 0 
7ce40000-83e40000 rw-p 00000000 00:00 0 
83e40000-85dc0000 rw-p 00000000 00:00 0 
85dc0000-a3640000 rw-p 00000000 00:00 0 
a3640000-a4600000 rw-p 00000000 00:00 0 
a4600000-b3240000 rw-p 00000000 00:00 0 
b3240000-b3249000 rw-p 00000000 00:00 0 
b3249000-b3300000 rw-p 00000000 00:00 0 
b3300000-b3540000 rwxp 00000000 00:00 0 
b3540000-b6354000 rw-p 00000000 00:00 0 
b6354000-b6400000 ---p 00000000 00:00 0 
b640d000-b642a000 rw-p 00000000 00:00 0 
b642a000-b6462000 rw-p 00000000 00:00 0 
b6462000-b646d000 r-xp 00000000 08:06 687963     /lib/i386-linux-gnu/libnss_files-2.19.so
b646d000-b646e000 r--p 0000a000 08:06 687963     /lib/i386-linux-gnu/libnss_files-2.19.so
b646e000-b646f000 rw-p 0000b000 08:06 687963     /lib/i386-linux-gnu/libnss_files-2.19.so
b646f000-b6479000 r-xp 00000000 08:06 687955     /lib/i386-linux-gnu/libnss_nis-2.19.so
b6479000-b647a000 r--p 00009000 08:06 687955     /lib/i386-linux-gnu/libnss_nis-2.19.so
b647a000-b647b000 rw-p 0000a000 08:06 687955     /lib/i386-linux-gnu/libnss_nis-2.19.so
b647b000-b6490000 r-xp 00000000 08:06 687946     /lib/i386-linux-gnu/libnsl-2.19.so
b6490000-b6491000 r--p 00015000 08:06 687946     /lib/i386-linux-gnu/libnsl-2.19.so
b6491000-b6492000 rw-p 00016000 08:06 687946     /lib/i386-linux-gnu/libnsl-2.19.so
b6492000-b6494000 rw-p 00000000 00:00 0 
b649e000-b64a6000 r-xp 00000000 08:06 2098233    /usr/lib/jvm/java-7-openjdk-i386/jre/lib/i386/libzip.so
b64a6000-b64a7000 r--p 00007000 08:06 2098233    /usr/lib/jvm/java-7-openjdk-i386/jre/lib/i386/libzip.so
b64a7000-b64a8000 rw-p 00008000 08:06 2098233    /usr/lib/jvm/java-7-openjdk-i386/jre/lib/i386/libzip.so
b64a8000-b64b0000 rw-s 00000000 08:06 7417       /tmp/hsperfdata_suraj/3216
b64b0000-b64d7000 r-xp 00000000 08:06 2098182    /usr/lib/jvm/java-7-openjdk-i386/jre/lib/i386/libjava.so
b64d7000-b64d8000 r--p 00026000 08:06 2098182    /usr/lib/jvm/java-7-openjdk-i386/jre/lib/i386/libjava.so
b64d8000-b64d9000 rw-p 00027000 08:06 2098182    /usr/lib/jvm/java-7-openjdk-i386/jre/lib/i386/libjava.so
b64d9000-b64e0000 r-xp 00000000 08:06 687954     /lib/i386-linux-gnu/librt-2.19.so
b64e0000-b64e1000 r--p 00006000 08:06 687954     /lib/i386-linux-gnu/librt-2.19.so
b64e1000-b64e2000 rw-p 00007000 08:06 687954     /lib/i386-linux-gnu/librt-2.19.so
b64e2000-b64e5000 ---p 00000000 00:00 0 
b64e5000-b6533000 rw-p 00000000 00:00 0          [stack:3222]
b6533000-b654f000 r-xp 00000000 08:06 688411     /lib/i386-linux-gnu/libgcc_s.so.1
b654f000-b6550000 rw-p 0001b000 08:06 688411     /lib/i386-linux-gnu/libgcc_s.so.1
b6550000-b6594000 r-xp 00000000 08:06 687956     /lib/i386-linux-gnu/libm-2.19.so
b6594000-b6595000 r--p 00043000 08:06 687956     /lib/i386-linux-gnu/libm-2.19.so
b6595000-b6596000 rw-p 00044000 08:06 687956     /lib/i386-linux-gnu/libm-2.19.so
b6596000-b6672000 r-xp 00000000 08:06 792546     /usr/lib/i386-linux-gnu/libstdc++.so.6.0.19
b6672000-b6673000 ---p 000dc000 08:06 792546     /usr/lib/i386-linux-gnu/libstdc++.so.6.0.19
b6673000-b6677000 r--p 000dc000 08:06 792546     /usr/lib/i386-linux-gnu/libstdc++.so.6.0.19
b6677000-b6678000 rw-p 000e0000 08:06 792546     /usr/lib/i386-linux-gnu/libstdc++.so.6.0.19
b6678000-b667f000 rw-p 00000000 00:00 0 
b667f000-b704b000 r-xp 00000000 08:06 2098210    /usr/lib/jvm/java-7-openjdk-i386/jre/lib/i386/server/libjvm.so
b704b000-b704c000 ---p 009cc000 08:06 2098210    /usr/lib/jvm/java-7-openjdk-i386/jre/lib/i386/server/libjvm.so
b704c000-b709d000 r--p 009cc000 08:06 2098210    /usr/lib/jvm/java-7-openjdk-i386/jre/lib/i386/server/libjvm.so
b709d000-b70b1000 rw-p 00a1d000 08:06 2098210    /usr/lib/jvm/java-7-openjdk-i386/jre/lib/i386/server/libjvm.so
b70b1000-b74cf000 rw-p 00000000 00:00 0 
b74cf000-b74e7000 r-xp 00000000 08:06 688212     /lib/i386-linux-gnu/libz.so.1.2.8
b74e7000-b74e8000 r--p 00017000 08:06 688212     /lib/i386-linux-gnu/libz.so.1.2.8
b74e8000-b74e9000 rw-p 00018000 08:06 688212     /lib/i386-linux-gnu/libz.so.1.2.8
b74e9000-b7501000 r-xp 00000000 08:06 687952     /lib/i386-linux-gnu/libpthread-2.19.so
b7501000-b7502000 r--p 00017000 08:06 687952     /lib/i386-linux-gnu/libpthread-2.19.so
b7502000-b7503000 rw-p 00018000 08:06 687952     /lib/i386-linux-gnu/libpthread-2.19.so
b7503000-b7505000 rw-p 00000000 00:00 0 
b7505000-b7508000 r-xp 00000000 08:06 687967     /lib/i386-linux-gnu/libdl-2.19.so
b7508000-b7509000 r--p 00002000 08:06 687967     /lib/i386-linux-gnu/libdl-2.19.so
b7509000-b750a000 rw-p 00003000 08:06 687967     /lib/i386-linux-gnu/libdl-2.19.so
b750a000-b76b3000 r-xp 00000000 08:06 687945     /lib/i386-linux-gnu/libc-2.19.so
b76b3000-b76b5000 r--p 001a9000 08:06 687945     /lib/i386-linux-gnu/libc-2.19.so
b76b5000-b76b6000 rw-p 001ab000 08:06 687945     /lib/i386-linux-gnu/libc-2.19.so
b76b6000-b76b9000 rw-p 00000000 00:00 0 
b76ba000-b76c1000 r-xp 00000000 08:06 687951     /lib/i386-linux-gnu/libnss_compat-2.19.so
b76c1000-b76c2000 r--p 00006000 08:06 687951     /lib/i386-linux-gnu/libnss_compat-2.19.so
b76c2000-b76c3000 rw-p 00007000 08:06 687951     /lib/i386-linux-gnu/libnss_compat-2.19.so
b76c3000-b76c4000 rw-p 00000000 00:00 0 
b76c4000-b76c5000 r--p 00000000 00:00 0 
b76c5000-b76d3000 r-xp 00000000 08:06 2098173    /usr/lib/jvm/java-7-openjdk-i386/jre/lib/i386/libverify.so
b76d3000-b76d4000 r--p 0000d000 08:06 2098173    /usr/lib/jvm/java-7-openjdk-i386/jre/lib/i386/libverify.so
b76d4000-b76d5000 rw-p 0000e000 08:06 2098173    /usr/lib/jvm/java-7-openjdk-i386/jre/lib/i386/libverify.so
b76d5000-b76e1000 r-xp 00000000 08:06 2098142    /usr/lib/jvm/java-7-openjdk-i386/jre/lib/i386/jli/libjli.so
b76e1000-b76e2000 r--p 0000c000 08:06 2098142    /usr/lib/jvm/java-7-openjdk-i386/jre/lib/i386/jli/libjli.so
b76e2000-b76e3000 rw-p 0000d000 08:06 2098142    /usr/lib/jvm/java-7-openjdk-i386/jre/lib/i386/jli/libjli.so
b76e3000-b76e6000 rw-p 00000000 00:00 0 
b76e6000-b76e7000 r-xp 00000000 00:00 0          [vdso]
b76e7000-b7707000 r-xp 00000000 08:06 687958     /lib/i386-linux-gnu/ld-2.19.so
b7707000-b7708000 r--p 0001f000 08:06 687958     /lib/i386-linux-gnu/ld-2.19.so
b7708000-b7709000 rw-p 00020000 08:06 687958     /lib/i386-linux-gnu/ld-2.19.so
bfece000-bfeef000 rw-p 00000000 00:00 0          [stack]

VM Arguments:
jvm_args: -Dfile.encoding=UTF-8 -Xbootclasspath:/home/suraj/Downloads/adt-bundle-linux-x86-20130522/sdk/platforms/android-19/android.jar 
java_command: org.codelearn.twitter.Test
Launcher Type: SUN_STANDARD

Environment Variables:
PATH=/usr/local/sbin:/usr/local/bin:/usr/sbin:/usr/bin:/sbin:/bin:/usr/games:/usr/local/games
LD_LIBRARY_PATH=/usr/lib/jvm/java-7-openjdk-i386/jre/lib/i386/server:/usr/lib/jvm/java-7-openjdk-i386/jre/lib/i386:/usr/lib/jvm/java-7-openjdk-i386/jre/../lib/i386:/usr/lib/jvm/java-7-openjdk-i386/jre/lib/i386/client:/usr/lib/jvm/java-7-openjdk-i386/jre/lib/i386:
SHELL=/bin/bash
DISPLAY=:0.0

Signal Handlers:
SIGSEGV: [libjvm.so+0x7eebd0], sa_mask[0]=0x7ffbfeff, sa_flags=0x10000004
SIGBUS: [libjvm.so+0x7eebd0], sa_mask[0]=0x7ffbfeff, sa_flags=0x10000004
SIGFPE: [libjvm.so+0x66c680], sa_mask[0]=0x7ffbfeff, sa_flags=0x10000004
SIGPIPE: [libjvm.so+0x66c680], sa_mask[0]=0x7ffbfeff, sa_flags=0x10000004
SIGXFSZ: [libjvm.so+0x66c680], sa_mask[0]=0x7ffbfeff, sa_flags=0x10000004
SIGILL: [libjvm.so+0x66c680], sa_mask[0]=0x7ffbfeff, sa_flags=0x10000004
SIGUSR1: SIG_DFL, sa_mask[0]=0x00000000, sa_flags=0x00000000
SIGUSR2: [libjvm.so+0x66c510], sa_mask[0]=0x00000004, sa_flags=0x10000004
SIGHUP: SIG_DFL, sa_mask[0]=0x00000000, sa_flags=0x00000000
SIGINT: SIG_DFL, sa_mask[0]=0x00000000, sa_flags=0x00000000
SIGTERM: SIG_DFL, sa_mask[0]=0x00000000, sa_flags=0x00000000
SIGQUIT: SIG_DFL, sa_mask[0]=0x00000000, sa_flags=0x00000000


---------------  S Y S T E M  ---------------

OS:Ubuntu 14.04 (trusty)
uname:Linux 3.13.0-24-generic #46-Ubuntu SMP Thu Apr 10 19:08:14 UTC 2014 i686
libc:glibc 2.19 NPTL 2.19 
rlimit: STACK 8192k, CORE 0k, NPROC 24009, NOFILE 4096, AS infinity
load average:0.41 0.90 0.59

/proc/meminfo:
MemTotal:        3092252 kB
MemFree:         1050896 kB
Buffers:          138296 kB
Cached:           882432 kB
SwapCached:            0 kB
Active:          1189096 kB
Inactive:         749276 kB
Active(anon):     918948 kB
Inactive(anon):   184248 kB
Active(file):     270148 kB
Inactive(file):   565028 kB
Unevictable:          48 kB
Mlocked:              48 kB
HighTotal:       2221960 kB
HighFree:         745408 kB
LowTotal:         870292 kB
LowFree:          305488 kB
SwapTotal:       1035260 kB
SwapFree:        1035260 kB
Dirty:               148 kB
Writeback:             0 kB
AnonPages:        917948 kB
Mapped:           201552 kB
Shmem:            185336 kB
Slab:              71520 kB
SReclaimable:      54404 kB
SUnreclaim:        17116 kB
KernelStack:        4064 kB
PageTables:        11384 kB
NFS_Unstable:          0 kB
Bounce:                0 kB
WritebackTmp:          0 kB
CommitLimit:     2581384 kB
Committed_AS:    4461708 kB
VmallocTotal:     122880 kB
VmallocUsed:       10056 kB
VmallocChunk:     103520 kB
HardwareCorrupted:     0 kB
AnonHugePages:    395264 kB
HugePages_Total:       0
HugePages_Free:        0
HugePages_Rsvd:        0
HugePages_Surp:        0
Hugepagesize:       2048 kB
DirectMap4k:       18424 kB
DirectMap2M:      894976 kB


CPU:total 2 (2 cores per cpu, 1 threads per core) family 6 model 15 stepping 13, cmov, cx8, fxsr, mmx, sse, sse2, sse3, ssse3, tsc

/proc/cpuinfo:
processor	: 0
vendor_id	: GenuineIntel
cpu family	: 6
model		: 15
model name	: Intel(R) Pentium(R) Dual  CPU  E2200  @ 2.20GHz
stepping	: 13
microcode	: 0xa3
cpu MHz		: 1200.000
cache size	: 1024 KB
physical id	: 0
siblings	: 2
core id		: 0
cpu cores	: 2
apicid		: 0
initial apicid	: 0
fdiv_bug	: no
f00f_bug	: no
coma_bug	: no
fpu		: yes
fpu_exception	: yes
cpuid level	: 10
wp		: yes
flags		: fpu vme de pse tsc msr pae mce cx8 apic sep mtrr pge mca cmov pat pse36 clflush dts acpi mmx fxsr sse sse2 ss ht tm pbe nx lm constant_tsc arch_perfmon pebs bts aperfmperf pni dtes64 monitor ds_cpl est tm2 ssse3 cx16 xtpr pdcm lahf_lm dtherm
bogomips	: 4399.98
clflush size	: 64
cache_alignment	: 64
address sizes	: 36 bits physical, 48 bits virtual
power management:

processor	: 1
vendor_id	: GenuineIntel
cpu family	: 6
model		: 15
model name	: Intel(R) Pentium(R) Dual  CPU  E2200  @ 2.20GHz
stepping	: 13
microcode	: 0xa3
cpu MHz		: 1200.000
cache size	: 1024 KB
physical id	: 0
siblings	: 2
core id		: 1
cpu cores	: 2
apicid		: 1
initial apicid	: 1
fdiv_bug	: no
f00f_bug	: no
coma_bug	: no
fpu		: yes
fpu_exception	: yes
cpuid level	: 10
wp		: yes
flags		: fpu vme de pse tsc msr pae mce cx8 apic sep mtrr pge mca cmov pat pse36 clflush dts acpi mmx fxsr sse sse2 ss ht tm pbe nx lm constant_tsc arch_perfmon pebs bts aperfmperf pni dtes64 monitor ds_cpl est tm2 ssse3 cx16 xtpr pdcm lahf_lm dtherm
bogomips	: 4399.98
clflush size	: 64
cache_alignment	: 64
address sizes	: 36 bits physical, 48 bits virtual
power management:



Memory: 4k page, physical 3092252k(1050896k free), swap 1035260k(1035260k free)

vm_info: OpenJDK Server VM (24.51-b03) for linux-x86 JRE (1.7.0_51-b31), built on Apr  8 2014 08:41:22 by "buildd" with gcc 4.8.2

time: Mon Jul  7 07:33:36 2014
elapsed time: 0 seconds

